Assembler report for light
Tue Aug 15 22:54:40 2023
Quartus Prime Version 20.1.0 Build 711 06/05/2020 SJ Lite Edition


---------------------
; Table of Contents ;
---------------------
  1. Legal Notice
  2. Assembler Summary
  3. Assembler Settings
  4. Assembler Generated Files
  5. Assembler Device Options: C:/Users/felip/OneDrive/햞ea de Trabalho/Trabalhos/Insper/Design de Computadores/quartus_introtutorial/output_files/light.sof
  6. Assembler Device Options: C:/Users/felip/OneDrive/햞ea de Trabalho/Trabalhos/Insper/Design de Computadores/quartus_introtutorial/output_files/light.pof
  7. Assembler Messages



----------------
; Legal Notice ;
----------------
Copyright (C) 2020  Intel Corporation. All rights reserved.
Your use of Intel Corporation's design tools, logic functions 
and other software and tools, and any partner logic 
functions, and any output files from any of the foregoing 
(including device programming or simulation files), and any 
associated documentation or information are expressly subject 
to the terms and conditions of the Intel Program License 
Subscription Agreement, the Intel Quartus Prime License Agreement,
the Intel FPGA IP License Agreement, or other applicable license
agreement, including, without limitation, that your use is for
the sole purpose of programming logic devices manufactured by
Intel and sold by Intel or its authorized distributors.  Please
refer to the applicable agreement for further details, at
https://fpgasoftware.intel.com/eula.



+---------------------------------------------------------------+
; Assembler Summary                                             ;
+-----------------------+---------------------------------------+
; Assembler Status      ; Successful - Tue Aug 15 22:54:40 2023 ;
; Revision Name         ; light                                 ;
; Top-level Entity Name ; light                                 ;
; Family                ; Cyclone V                             ;
; Device                ; 5CEBA4F23C7                           ;
+-----------------------+---------------------------------------+


+----------------------------------+
; Assembler Settings               ;
+--------+---------+---------------+
; Option ; Setting ; Default Value ;
+--------+---------+---------------+


+-------------------------------------------------------------------------------------------------------------------------------+
; Assembler Generated Files                                                                                                     ;
+-------------------------------------------------------------------------------------------------------------------------------+
; File Name                                                                                                                     ;
+-------------------------------------------------------------------------------------------------------------------------------+
; C:/Users/felip/OneDrive/햞ea de Trabalho/Trabalhos/Insper/Design de Computadores/quartus_introtutorial/output_files/light.sof ;
; C:/Users/felip/OneDrive/햞ea de Trabalho/Trabalhos/Insper/Design de Computadores/quartus_introtutorial/output_files/light.pof ;
+-------------------------------------------------------------------------------------------------------------------------------+


+---------------------------------------------------------------------------------------------------------------------------------------------------------+
; Assembler Device Options: C:/Users/felip/OneDrive/햞ea de Trabalho/Trabalhos/Insper/Design de Computadores/quartus_introtutorial/output_files/light.sof ;
+----------------+----------------------------------------------------------------------------------------------------------------------------------------+
; Option         ; Setting                                                                                                                                ;
+----------------+----------------------------------------------------------------------------------------------------------------------------------------+
; JTAG usercode  ; 0x004DD5B5                                                                                                                             ;
; Checksum       ; 0x004DD5B5                                                                                                                             ;
+----------------+----------------------------------------------------------------------------------------------------------------------------------------+


+---------------------------------------------------------------------------------------------------------------------------------------------------------+
; Assembler Device Options: C:/Users/felip/OneDrive/햞ea de Trabalho/Trabalhos/Insper/Design de Computadores/quartus_introtutorial/output_files/light.pof ;
+--------------------+------------------------------------------------------------------------------------------------------------------------------------+
; Option             ; Setting                                                                                                                            ;
+--------------------+------------------------------------------------------------------------------------------------------------------------------------+
; JTAG usercode      ; 0x00000000                                                                                                                         ;
; Checksum           ; 0x74B54554                                                                                                                         ;
; Compression Ratio  ; 3                                                                                                                                  ;
+--------------------+------------------------------------------------------------------------------------------------------------------------------------+


+--------------------+
; Assembler Messages ;
+--------------------+
Info: *******************************************************************
Info: Running Quartus Prime Assembler
    Info: Version 20.1.0 Build 711 06/05/2020 SJ Lite Edition
    Info: Processing started: Tue Aug 15 22:54:37 2023
Info: Command: quartus_asm --read_settings_files=off --write_settings_files=off light -c light
Warning (18236): Number of processors has not been specified which may cause overloading on shared machines.  Set the global assignment NUM_PARALLEL_PROCESSORS in your QSF to an appropriate value for best performance.
Info (115030): Assembler is generating device programming files
Info: Quartus Prime Assembler was successful. 0 errors, 1 warning
    Info: Peak virtual memory: 4825 megabytes
    Info: Processing ended: Tue Aug 15 22:54:40 2023
    Info: Elapsed time: 00:00:03
    Info: Total CPU time (on all processors): 00:00:03


